<?xml version="1.0" encoding="UTF-8"?>
<!-- Generated by org.testng.reporters.JUnitReportReporter -->
<testsuite hostname="LAPTOP-57LHAJQR" failures="0" tests="1" name="runner.TestRunner" time="7.036" errors="0" timestamp="2023-06-12T10:38:20 EDT" skipped="0">
  <testcase classname="runner.TestRunner" name="runScenario" time="7.036"/>
  <system-out/>
</testsuite> <!-- runner.TestRunner -->
